  _ __ ___  _   _| |_ __ _ _ __ | |_  | |_ ___ ___| |_    __ _  ___ _ __   ___ _ __ __ _| |_ ___  _ __ 
 | '_ ` _ \| | | | __/ _` | '_ \| __| | __/ _ \ __| __|  / _` |/ _ \ '_ \ / _ \ '__/ _` | __/ _ \| '__|
 | | | | | | |_| | |_ (_| | | | | |_  | |_  __\__ \ |_  | (_| |  __/ | | |  __/ | | (_| | |_ (_) | |   
 |_| |_| |_|\__,_|\__\__,_|_| |_|\__|  \__\___|___/\__|  \__, |\___|_| |_|\___|_|  \__,_|\__\___/|_|   
                                                         |___/                                         
Jumping URL: -https://github.com/apache/commons-bcel.git -v 6.2 -c 893d9bbcdbd5ce764db1a38eccd73af150e5d34d By signal - .
Jumping URL: -https://github.com/apache/commons-beanutils.git -v 1.9.3 -c a83c1eae04c9c99360c3ba4e6a46fd89dc5407ef By signal - .
Jumping URL: -https://github.com/apache/commons-exec.git -v 1.3 -c 0b1c1ff0cba7145d396ace37805f0b59b3d52a9c By signal - .
Jumping URL: -https://github.com/apache/commons-codec.git -v 1.11 -c 9ceef2231549e95f7868266f38b0c7e1a0a40ed4 By signal - .
Jumping URL: -https://github.com/apache/commons-collections.git -v 4.2 -c 483cbbbf5a8b3c14edf3e6563e8f8ba380966d47 By signal - .
Jumping URL: -https://github.com/apache/commons-compress.git -v 1.18 -c b95d5cde4c68640f886e3c6802384fae47408a37 By signal - .
Jumping URL: -https://github.com/apache/commons-configuration.git -v 2.4 -c 6543cb0b6c283c0d4331dc0baee269b01db00622 By signal - .
Jumping URL: -https://github.com/apache/commons-email.git -v 1.5 -c 5516c487a5d03df520480d47f5c5ae5a3b3341d4 By signal - .
Jumping URL: -https://github.com/apache/commons-fileupload.git -v 1.3.3 -c 18734e9f77a267ebc82ff2ffce6d96e82a34260f By signal - .
Jumping URL: -https://github.com/apache/commons-math.git -v 3.6.1 -c 16abfe5de688cc52fb0396e0609cb33044b15653 By signal - .
Jumping URL: -https://github.com/apache/commons-net.git -v 3.6 -c 163fe46c019f5184016207c247cdff30ee740ecc By signal - .
Jumping URL: -https://github.com/apache/commons-pool.git -v 2.6.1 -c 87c5dc14a967a70dd6e640395d4e842b021cdb8f By signal - .
Jumping URL: -https://github.com/apache/commons-validator.git -v 1.6 -c c4b93a7275b1172f69e53cd8cec7fc27c954a5be By signal - .
Jumping URL: -https://github.com/apache/commons-io.git -v 2.6 -c 2ae025fe5c4a7d2046c53072b0898e37a079fe62 By signal - .
Jumping URL: -https://github.com/apache/commons-lang.git -v 3.8.1 -c eb5b11a25c9e61f9b25a540682816ebb103b735c By signal - .
Jumping URL: -https://github.com/apache/commons-cli.git -v 1.4 -c f7153c3c10cc8060d3858a6a90d7ddccd0b3533e By signal - .
Jumping URL: -https://github.com/apache/commons-functor.git -v 1 -c 62cd20998e706eafb48b35774aca7b6e1c657386 By signal - .
Jumping URL: -https://github.com/apache/commons-proxy.git -v 1.0 -c f6e58dbc601f0e6d522a4f4cad5d7c8f9259c83e By signal - .
Jumping URL: -https://github.com/apache/commons-digester.git -v 3.3.2 -c ec75748096c8639be7b4998d99c37bb2e3a9c206 By signal - .
Jumping URL: -https://github.com/apache/commons-dbcp.git -v 2.5 -c 334784e3043cadaeaa626f792c3f62ac7b697927 By signal - .
Jumping URL: -https://github.com/apache/commons-dbutils.git -v 1.7 -c 77faa3caefc24697b00bf370111f7307dae339b0 By signal - .
Jumping URL: - By signal - .
Jumping URL: -https://github.com/google/gson.git -v 2.8.5 -c f649e051411e092f0123878e16c5132500a2d01e -m gson By signal - .
Jumping URL: -https://github.com/jhy/jsoup.git -v 1.11.3 -c 2b1ea0633ff5d4cba5db0e202a4ce0fbdccc19db By signal - .
-Verificando se o projeto já foi rodado...
--OK!
--------------------------------
-Cloning Repository: junit4-4.12 ...
--Ok!
-Verificanndo se o projeto está passando nos testes inicialmente.
[WARN] Maven will be executed in interactive mode, but no input stream has been configured for this MavenInvoker instance.
[INFO] Scanning for projects...
[WARNING] The project junit:junit:jar:4.12 uses prerequisites which is only intended for maven-plugin projects but not for non maven-plugin projects. For such purposes you should use the maven-enforcer-plugin. See https://maven.apache.org/enforcer/enforcer-rules/requireMavenVersion.html
[INFO] 
[INFO] ----------------------------< junit:junit >-----------------------------
[INFO] Building JUnit 4.12
[INFO] --------------------------------[ jar ]---------------------------------
[INFO] 
[INFO] --- maven-enforcer-plugin:1.3.1:enforce (enforce-versions) @ junit ---
[INFO] 
[INFO] --- replacer:1.5.3:replace (default) @ junit ---
[INFO] Replacement run on 1 file.
[INFO] 
[INFO] --- maven-resources-plugin:2.6:resources (default-resources) @ junit ---
[INFO] Using 'ISO-8859-1' encoding to copy filtered resources.
[INFO] Copying 2 resources
[INFO] Copying 1 resource
[INFO] 
[INFO] --- maven-compiler-plugin:3.1:compile (default-compile) @ junit ---
[INFO] Changes detected - recompiling the module!
[INFO] Compiling 195 source files to /media/loopback/C4DAE5FEDAE5EC9C/Users/luan_/mutationsTests/junit4-4.12/junit4-4.12/target/classes
[WARNING] To suppress warnings about obsolete options, use -Xlint:-options.
/media/loopback/C4DAE5FEDAE5EC9C/Users/luan_/mutationsTests/junit4-4.12/junit4-4.12/src/main/java/junit/extensions/TestDecorator.java:[3,22] [deprecation] Assert in junit.framework has been deprecated
[WARNING] /media/loopback/C4DAE5FEDAE5EC9C/Users/luan_/mutationsTests/junit4-4.12/junit4-4.12/src/main/java/org/junit/runner/FilterFactories.java:[19,7] no description for @throws
[WARNING] /media/loopback/C4DAE5FEDAE5EC9C/Users/luan_/mutationsTests/junit4-4.12/junit4-4.12/src/main/java/org/junit/runner/JUnitCore.java:[66,7] no description for @param
[WARNING] /media/loopback/C4DAE5FEDAE5EC9C/Users/luan_/mutationsTests/junit4-4.12/junit4-4.12/src/main/java/org/junit/internal/runners/statements/FailOnTimeout.java:[108,11] no description for @param
[WARNING] /media/loopback/C4DAE5FEDAE5EC9C/Users/luan_/mutationsTests/junit4-4.12/junit4-4.12/src/main/java/org/junit/internal/Classes.java:[13,7] no description for @throws
[WARNING] /media/loopback/C4DAE5FEDAE5EC9C/Users/luan_/mutationsTests/junit4-4.12/junit4-4.12/src/main/java/junit/framework/TestCase.java:[76,39] [deprecation] Assert in junit.framework has been deprecated
[WARNING] /media/loopback/C4DAE5FEDAE5EC9C/Users/luan_/mutationsTests/junit4-4.12/junit4-4.12/src/main/java/junit/extensions/TestDecorator.java:[12,35] [deprecation] Assert in junit.framework has been deprecated
[WARNING] /media/loopback/C4DAE5FEDAE5EC9C/Users/luan_/mutationsTests/junit4-4.12/junit4-4.12/src/main/java/junit/framework/ComparisonCompactor.java:[23,19] [deprecation] Assert in junit.framework has been deprecated
[WARNING] /media/loopback/C4DAE5FEDAE5EC9C/Users/luan_/mutationsTests/junit4-4.12/junit4-4.12/src/main/java/junit/framework/ComparisonCompactor.java:[30,15] [deprecation] Assert in junit.framework has been deprecated
[INFO] 
[INFO] --- maven-resources-plugin:2.6:testResources (default-testResources) @ junit ---
[INFO] Using 'ISO-8859-1' encoding to copy filtered resources.
[INFO] Copying 2 resources
[INFO] 
[INFO] --- maven-compiler-plugin:3.1:testCompile (default-testCompile) @ junit ---
[INFO] Changes detected - recompiling the module!
[INFO] Compiling 197 source files to /media/loopback/C4DAE5FEDAE5EC9C/Users/luan_/mutationsTests/junit4-4.12/junit4-4.12/target/test-classes
[WARNING] To suppress warnings about obsolete options, use -Xlint:-options.
/media/loopback/C4DAE5FEDAE5EC9C/Users/luan_/mutationsTests/junit4-4.12/junit4-4.12/src/test/java/org/junit/tests/validation/BadlyFormedClassesTest.java:[7,33] [deprecation] JUnit4ClassRunner in org.junit.internal.runners has been deprecated
[WARNING] /media/loopback/C4DAE5FEDAE5EC9C/Users/luan_/mutationsTests/junit4-4.12/junit4-4.12/src/test/java/org/junit/tests/experimental/rules/RuleMemberValidatorTest.java:[18,22] [deprecation] TestWatchman in org.junit.rules has been deprecated
[WARNING] /media/loopback/C4DAE5FEDAE5EC9C/Users/luan_/mutationsTests/junit4-4.12/junit4-4.12/src/test/java/org/junit/tests/experimental/rules/MethodRulesTest.java:[19,22] [deprecation] TestWatchman in org.junit.rules has been deprecated
[WARNING] /media/loopback/C4DAE5FEDAE5EC9C/Users/luan_/mutationsTests/junit4-4.12/junit4-4.12/src/test/java/org/junit/tests/AllTests.java:[30,33] [deprecation] JUnit4ClassRunnerTest in org.junit.tests.deprecated has been deprecated
[WARNING] /media/loopback/C4DAE5FEDAE5EC9C/Users/luan_/mutationsTests/junit4-4.12/junit4-4.12/src/test/java/org/junit/tests/experimental/rules/TestWatchmanTest.java:[3,29] [deprecation] Assert in junit.framework has been deprecated
[WARNING] /media/loopback/C4DAE5FEDAE5EC9C/Users/luan_/mutationsTests/junit4-4.12/junit4-4.12/src/test/java/org/junit/tests/experimental/rules/TestWatchmanTest.java:[11,22] [deprecation] TestWatchman in org.junit.rules has been deprecated
[WARNING] /media/loopback/C4DAE5FEDAE5EC9C/Users/luan_/mutationsTests/junit4-4.12/junit4-4.12/src/test/java/org/junit/tests/deprecated/JUnit4ClassRunnerTest.java:[8,33] [deprecation] JUnit4ClassRunner in org.junit.internal.runners has been deprecated
[WARNING] /media/loopback/C4DAE5FEDAE5EC9C/Users/luan_/mutationsTests/junit4-4.12/junit4-4.12/src/test/java/org/junit/tests/experimental/rules/TestWatcherTest.java:[55,27] [deprecation] skipped(AssumptionViolatedException,Description) in TestWatcher has been deprecated
[WARNING] /media/loopback/C4DAE5FEDAE5EC9C/Users/luan_/mutationsTests/junit4-4.12/junit4-4.12/src/test/java/org/junit/tests/experimental/rules/TestWatcherTest.java:[62,18] [deprecation] AssumptionViolatedException(String) in AssumptionViolatedException has been deprecated
[WARNING] /media/loopback/C4DAE5FEDAE5EC9C/Users/luan_/mutationsTests/junit4-4.12/junit4-4.12/src/test/java/org/junit/tests/experimental/rules/TestWatcherTest.java:[78,27] [deprecation] skipped(AssumptionViolatedException,Description) in TestWatcher has been deprecated
[WARNING] /media/loopback/C4DAE5FEDAE5EC9C/Users/luan_/mutationsTests/junit4-4.12/junit4-4.12/src/test/java/org/junit/tests/experimental/rules/TestWatcherTest.java:[85,18] [deprecation] AssumptionViolatedException(String) in AssumptionViolatedException has been deprecated
[WARNING] /media/loopback/C4DAE5FEDAE5EC9C/Users/luan_/mutationsTests/junit4-4.12/junit4-4.12/src/test/java/org/junit/tests/experimental/rules/TestRuleTest.java:[483,27] [deprecation] skipped(AssumptionViolatedException,Description) in TestWatcher has been deprecated
[WARNING] /media/loopback/C4DAE5FEDAE5EC9C/Users/luan_/mutationsTests/junit4-4.12/junit4-4.12/src/test/java/org/junit/tests/experimental/rules/ClassRulesTest.java:[4] documentation comment not expected here
[WARNING] /media/loopback/C4DAE5FEDAE5EC9C/Users/luan_/mutationsTests/junit4-4.12/junit4-4.12/src/test/java/org/junit/tests/running/classes/ParentRunnerTest.java:[180,18] [deprecation] AssumptionViolatedException(String) in AssumptionViolatedException has been deprecated
[WARNING] /media/loopback/C4DAE5FEDAE5EC9C/Users/luan_/mutationsTests/junit4-4.12/junit4-4.12/src/test/java/org/junit/tests/running/classes/ParentRunnerTest.java:[212,18] [deprecation] AssumptionViolatedException(String) in AssumptionViolatedException has been deprecated
[WARNING] /media/loopback/C4DAE5FEDAE5EC9C/Users/luan_/mutationsTests/junit4-4.12/junit4-4.12/src/test/java/org/junit/tests/internal/runners/statements/FailOnTimeoutTest.java:[35,48] [deprecation] FailOnTimeout(Statement,long) in FailOnTimeout has been deprecated
[WARNING] /media/loopback/C4DAE5FEDAE5EC9C/Users/luan_/mutationsTests/junit4-4.12/junit4-4.12/src/test/java/org/junit/tests/internal/runners/statements/FailOnTimeoutTest.java:[117,44] [deprecation] FailOnTimeout(Statement,long) in FailOnTimeout has been deprecated
[WARNING] /media/loopback/C4DAE5FEDAE5EC9C/Users/luan_/mutationsTests/junit4-4.12/junit4-4.12/src/test/java/org/junit/tests/internal/runners/statements/FailOnTimeoutTest.java:[145,37] [deprecation] FailOnTimeout(Statement,long) in FailOnTimeout has been deprecated
[WARNING] /media/loopback/C4DAE5FEDAE5EC9C/Users/luan_/mutationsTests/junit4-4.12/junit4-4.12/src/test/java/org/junit/tests/running/core/MainRunner.java:[43,23] [deprecation] getInCheck() in SecurityManager has been deprecated
[WARNING] /media/loopback/C4DAE5FEDAE5EC9C/Users/luan_/mutationsTests/junit4-4.12/junit4-4.12/src/test/java/org/junit/tests/running/core/MainRunner.java:[44,79] [deprecation] getInCheck() in SecurityManager has been deprecated
[WARNING] /media/loopback/C4DAE5FEDAE5EC9C/Users/luan_/mutationsTests/junit4-4.12/junit4-4.12/src/test/java/org/junit/tests/running/core/MainRunner.java:[179,20] [deprecation] checkMulticast(InetAddress,byte) in SecurityManager has been deprecated
[WARNING] /media/loopback/C4DAE5FEDAE5EC9C/Users/luan_/mutationsTests/junit4-4.12/junit4-4.12/src/test/java/org/junit/tests/running/core/MainRunner.java:[181,39] [deprecation] checkMulticast(InetAddress,byte) in SecurityManager has been deprecated
[WARNING] /media/loopback/C4DAE5FEDAE5EC9C/Users/luan_/mutationsTests/junit4-4.12/junit4-4.12/src/test/java/org/junit/tests/running/core/MainRunner.java:[200,23] [deprecation] checkTopLevelWindow(Object) in SecurityManager has been deprecated
[WARNING] /media/loopback/C4DAE5FEDAE5EC9C/Users/luan_/mutationsTests/junit4-4.12/junit4-4.12/src/test/java/org/junit/tests/running/core/MainRunner.java:[201,60] [deprecation] checkTopLevelWindow(Object) in SecurityManager has been deprecated
[WARNING] /media/loopback/C4DAE5FEDAE5EC9C/Users/luan_/mutationsTests/junit4-4.12/junit4-4.12/src/test/java/org/junit/tests/running/core/MainRunner.java:[201,114] [deprecation] checkTopLevelWindow(Object) in SecurityManager has been deprecated
[WARNING] /media/loopback/C4DAE5FEDAE5EC9C/Users/luan_/mutationsTests/junit4-4.12/junit4-4.12/src/test/java/org/junit/tests/running/core/MainRunner.java:[212,20] [deprecation] checkSystemClipboardAccess() in SecurityManager has been deprecated
[WARNING] /media/loopback/C4DAE5FEDAE5EC9C/Users/luan_/mutationsTests/junit4-4.12/junit4-4.12/src/test/java/org/junit/tests/running/core/MainRunner.java:[214,39] [deprecation] checkSystemClipboardAccess() in SecurityManager has been deprecated
[WARNING] /media/loopback/C4DAE5FEDAE5EC9C/Users/luan_/mutationsTests/junit4-4.12/junit4-4.12/src/test/java/org/junit/tests/running/core/MainRunner.java:[219,20] [deprecation] checkAwtEventQueueAccess() in SecurityManager has been deprecated
[WARNING] /media/loopback/C4DAE5FEDAE5EC9C/Users/luan_/mutationsTests/junit4-4.12/junit4-4.12/src/test/java/org/junit/tests/running/core/MainRunner.java:[221,39] [deprecation] checkAwtEventQueueAccess() in SecurityManager has been deprecated
[WARNING] /media/loopback/C4DAE5FEDAE5EC9C/Users/luan_/mutationsTests/junit4-4.12/junit4-4.12/src/test/java/org/junit/tests/running/core/MainRunner.java:[247,20] [deprecation] checkMemberAccess(Class<?>,int) in SecurityManager has been deprecated
[WARNING] /media/loopback/C4DAE5FEDAE5EC9C/Users/luan_/mutationsTests/junit4-4.12/junit4-4.12/src/test/java/org/junit/tests/running/core/MainRunner.java:[249,39] [deprecation] checkMemberAccess(Class<?>,int) in SecurityManager has been deprecated
[INFO] 
[INFO] --- maven-surefire-plugin:2.17:test (default-test) @ junit ---
[INFO] Surefire report directory: /media/loopback/C4DAE5FEDAE5EC9C/Users/luan_/mutationsTests/junit4-4.12/junit4-4.12/target/surefire-reports

-------------------------------------------------------
 T E S T S
-------------------------------------------------------
Running org.junit.tests.AllTests
Tests run: 874, Failures: 0, Errors: 0, Skipped: 0, Time elapsed: 6.319 sec - in org.junit.tests.AllTests

Results :

Tests run: 874, Failures: 0, Errors: 0, Skipped: 0

[INFO] 
[INFO] --- animal-sniffer-maven-plugin:1.11:check (signature-check) @ junit ---
[INFO] Checking unresolved references to org.codehaus.mojo.signature:java15:1.0
[INFO] ------------------------------------------------------------------------
[INFO] BUILD SUCCESS
[INFO] ------------------------------------------------------------------------
[INFO] Total time: 17.383 s
[INFO] Finished at: 2019-03-05T11:57:04-03:00
[INFO] ------------------------------------------------------------------------
--OK!
-Fazendo uma limpeza no projeto usando o Maven Clean.
[WARN] Maven will be executed in interactive mode, but no input stream has been configured for this MavenInvoker instance.
[INFO] Scanning for projects...
[WARNING] The project junit:junit:jar:4.12 uses prerequisites which is only intended for maven-plugin projects but not for non maven-plugin projects. For such purposes you should use the maven-enforcer-plugin. See https://maven.apache.org/enforcer/enforcer-rules/requireMavenVersion.html
[INFO] 
[INFO] ----------------------------< junit:junit >-----------------------------
[INFO] Building JUnit 4.12
[INFO] --------------------------------[ jar ]---------------------------------
[INFO] 
[INFO] --- maven-clean-plugin:2.5:clean (default-clean) @ junit ---
[INFO] Deleting /media/loopback/C4DAE5FEDAE5EC9C/Users/luan_/mutationsTests/junit4-4.12/junit4-4.12/target
[INFO] ------------------------------------------------------------------------
[INFO] BUILD SUCCESS
[INFO] ------------------------------------------------------------------------
[INFO] Total time: 0.884 s
[INFO] Finished at: 2019-03-05T11:57:06-03:00
[INFO] ------------------------------------------------------------------------
--OK!
-Verificando se o projeto é compatível com o SPOON para a criação de modelos.
--OK!
-Iniciando Mutações para o projeto
--Iniciando Mutações CBD para o projeto
Gerando mutantes nas classes...
Arquivo: /media/loopback/C4DAE5FEDAE5EC9C/Users/luan_/mutationsTests/junit4-4.12/junit4-4.12/src/main/java/junit/extensions/ActiveTestSuite.java
Número de ocorrencias: 2
Limpando copyOutputSpoonToProject
getAbsolutePath: /media/loopback/C4DAE5FEDAE5EC9C/Users/luan_/mutationsTests/junit4-4.12/junit4-4.12/src/main/java/junit/extensions/ActiveTestSuite.java
URI: junit4-4.12
Sub: null
Limpando copyOutputSpoonToProject
getAbsolutePath: /media/loopback/C4DAE5FEDAE5EC9C/Users/luan_/mutationsTests/junit4-4.12/junit4-4.12/src/main/java/junit/extensions/ActiveTestSuite.java
URI: junit4-4.12
Sub: null
Posicao for 2 Número do mutante: 0 precisa de modificação: true
Saída do arquivo modificado: 

beginLine=58, 

endLine=62, 

CodeBefore=
try {
    wait();
} catch (java.lang.InterruptedException e) {
    return;// ignore

}, 

CodeAfter=
try {
    wait();
} finally {
}

Gerando copia do arquivo...
Copy Mutant Test: /media/loopback/C4DAE5FEDAE5EC9C/Users/luan_/mutationsTests/junit4-4.12/CBD/1
Gerando copia do arquivo... copyOutputSpoonToProject toPath: /media/loopback/C4DAE5FEDAE5EC9C/Users/luan_/mutationsTests/junit4-4.12/CBD/1/null/src/main/java fromPath: /media/loopback/C4DAE5FEDAE5EC9C/Users/luan_/mutationsTests/temp
-Verificando se o mutant: ( /media/loopback/C4DAE5FEDAE5EC9C/Users/luan_/mutationsTests/junit4-4.12/CBD/1 ) passa ou não nos testes.
[WARN] Maven will be executed in interactive mode, but no input stream has been configured for this MavenInvoker instance.
[INFO] Scanning for projects...
[WARNING] The project junit:junit:jar:4.12 uses prerequisites which is only intended for maven-plugin projects but not for non maven-plugin projects. For such purposes you should use the maven-enforcer-plugin. See https://maven.apache.org/enforcer/enforcer-rules/requireMavenVersion.html
[INFO] 
[INFO] ----------------------------< junit:junit >-----------------------------
[INFO] Building JUnit 4.12
[INFO] --------------------------------[ jar ]---------------------------------
[INFO] 
[INFO] --- maven-enforcer-plugin:1.3.1:enforce (enforce-versions) @ junit ---
[INFO] 
[INFO] --- replacer:1.5.3:replace (default) @ junit ---
[INFO] Replacement run on 1 file.
[INFO] 
[INFO] --- maven-resources-plugin:2.6:resources (default-resources) @ junit ---
[INFO] Using 'ISO-8859-1' encoding to copy filtered resources.
[INFO] Copying 2 resources
[INFO] Copying 1 resource
[INFO] 
[INFO] --- maven-compiler-plugin:3.1:compile (default-compile) @ junit ---
[INFO] Changes detected - recompiling the module!
[INFO] Compiling 195 source files to /media/loopback/C4DAE5FEDAE5EC9C/Users/luan_/mutationsTests/junit4-4.12/CBD/1/target/classes
[WARNING] To suppress warnings about obsolete options, use -Xlint:-options.
/media/loopback/C4DAE5FEDAE5EC9C/Users/luan_/mutationsTests/junit4-4.12/CBD/1/src/main/java/junit/extensions/TestDecorator.java:[3,22] [deprecation] Assert in junit.framework has been deprecated
[WARNING] /media/loopback/C4DAE5FEDAE5EC9C/Users/luan_/mutationsTests/junit4-4.12/CBD/1/src/main/java/org/junit/runner/JUnitCore.java:[66,7] no description for @param
[WARNING] /media/loopback/C4DAE5FEDAE5EC9C/Users/luan_/mutationsTests/junit4-4.12/CBD/1/src/main/java/org/junit/internal/Classes.java:[13,7] no description for @throws
[WARNING] /media/loopback/C4DAE5FEDAE5EC9C/Users/luan_/mutationsTests/junit4-4.12/CBD/1/src/main/java/org/junit/internal/runners/statements/FailOnTimeout.java:[108,11] no description for @param
[WARNING] /media/loopback/C4DAE5FEDAE5EC9C/Users/luan_/mutationsTests/junit4-4.12/CBD/1/src/main/java/org/junit/runner/FilterFactories.java:[19,7] no description for @throws
[WARNING] /media/loopback/C4DAE5FEDAE5EC9C/Users/luan_/mutationsTests/junit4-4.12/CBD/1/src/main/java/junit/framework/TestCase.java:[76,39] [deprecation] Assert in junit.framework has been deprecated
[WARNING] /media/loopback/C4DAE5FEDAE5EC9C/Users/luan_/mutationsTests/junit4-4.12/CBD/1/src/main/java/junit/framework/ComparisonCompactor.java:[23,19] [deprecation] Assert in junit.framework has been deprecated
[WARNING] /media/loopback/C4DAE5FEDAE5EC9C/Users/luan_/mutationsTests/junit4-4.12/CBD/1/src/main/java/junit/framework/ComparisonCompactor.java:[30,15] [deprecation] Assert in junit.framework has been deprecated
[WARNING] /media/loopback/C4DAE5FEDAE5EC9C/Users/luan_/mutationsTests/junit4-4.12/CBD/1/src/main/java/junit/extensions/TestDecorator.java:[12,35] [deprecation] Assert in junit.framework has been deprecated
[INFO] 
[INFO] --- maven-resources-plugin:2.6:testResources (default-testResources) @ junit ---
[INFO] Using 'ISO-8859-1' encoding to copy filtered resources.
[INFO] Copying 2 resources
[INFO] 
[INFO] --- maven-compiler-plugin:3.1:testCompile (default-testCompile) @ junit ---
[INFO] Changes detected - recompiling the module!
[INFO] Compiling 197 source files to /media/loopback/C4DAE5FEDAE5EC9C/Users/luan_/mutationsTests/junit4-4.12/CBD/1/target/test-classes
[WARNING] To suppress warnings about obsolete options, use -Xlint:-options.
/media/loopback/C4DAE5FEDAE5EC9C/Users/luan_/mutationsTests/junit4-4.12/CBD/1/src/test/java/org/junit/tests/experimental/rules/TestWatchmanTest.java:[3,29] [deprecation] Assert in junit.framework has been deprecated
[WARNING] /media/loopback/C4DAE5FEDAE5EC9C/Users/luan_/mutationsTests/junit4-4.12/CBD/1/src/test/java/org/junit/tests/experimental/rules/TestWatchmanTest.java:[11,22] [deprecation] TestWatchman in org.junit.rules has been deprecated
[WARNING] /media/loopback/C4DAE5FEDAE5EC9C/Users/luan_/mutationsTests/junit4-4.12/CBD/1/src/test/java/org/junit/tests/AllTests.java:[30,33] [deprecation] JUnit4ClassRunnerTest in org.junit.tests.deprecated has been deprecated
[WARNING] /media/loopback/C4DAE5FEDAE5EC9C/Users/luan_/mutationsTests/junit4-4.12/CBD/1/src/test/java/org/junit/tests/experimental/rules/MethodRulesTest.java:[19,22] [deprecation] TestWatchman in org.junit.rules has been deprecated
[WARNING] /media/loopback/C4DAE5FEDAE5EC9C/Users/luan_/mutationsTests/junit4-4.12/CBD/1/src/test/java/org/junit/tests/experimental/rules/RuleMemberValidatorTest.java:[18,22] [deprecation] TestWatchman in org.junit.rules has been deprecated
[WARNING] /media/loopback/C4DAE5FEDAE5EC9C/Users/luan_/mutationsTests/junit4-4.12/CBD/1/src/test/java/org/junit/tests/validation/BadlyFormedClassesTest.java:[7,33] [deprecation] JUnit4ClassRunner in org.junit.internal.runners has been deprecated
[WARNING] /media/loopback/C4DAE5FEDAE5EC9C/Users/luan_/mutationsTests/junit4-4.12/CBD/1/src/test/java/org/junit/tests/deprecated/JUnit4ClassRunnerTest.java:[8,33] [deprecation] JUnit4ClassRunner in org.junit.internal.runners has been deprecated
[WARNING] /media/loopback/C4DAE5FEDAE5EC9C/Users/luan_/mutationsTests/junit4-4.12/CBD/1/src/test/java/org/junit/tests/experimental/rules/TestWatcherTest.java:[55,27] [deprecation] skipped(AssumptionViolatedException,Description) in TestWatcher has been deprecated
[WARNING] /media/loopback/C4DAE5FEDAE5EC9C/Users/luan_/mutationsTests/junit4-4.12/CBD/1/src/test/java/org/junit/tests/experimental/rules/TestWatcherTest.java:[62,18] [deprecation] AssumptionViolatedException(String) in AssumptionViolatedException has been deprecated
[WARNING] /media/loopback/C4DAE5FEDAE5EC9C/Users/luan_/mutationsTests/junit4-4.12/CBD/1/src/test/java/org/junit/tests/experimental/rules/TestWatcherTest.java:[78,27] [deprecation] skipped(AssumptionViolatedException,Description) in TestWatcher has been deprecated
[WARNING] /media/loopback/C4DAE5FEDAE5EC9C/Users/luan_/mutationsTests/junit4-4.12/CBD/1/src/test/java/org/junit/tests/experimental/rules/TestWatcherTest.java:[85,18] [deprecation] AssumptionViolatedException(String) in AssumptionViolatedException has been deprecated
[WARNING] /media/loopback/C4DAE5FEDAE5EC9C/Users/luan_/mutationsTests/junit4-4.12/CBD/1/src/test/java/org/junit/tests/experimental/rules/ClassRulesTest.java:[4] documentation comment not expected here
[WARNING] /media/loopback/C4DAE5FEDAE5EC9C/Users/luan_/mutationsTests/junit4-4.12/CBD/1/src/test/java/org/junit/tests/experimental/rules/TestRuleTest.java:[483,27] [deprecation] skipped(AssumptionViolatedException,Description) in TestWatcher has been deprecated
[WARNING] /media/loopback/C4DAE5FEDAE5EC9C/Users/luan_/mutationsTests/junit4-4.12/CBD/1/src/test/java/org/junit/tests/running/classes/ParentRunnerTest.java:[180,18] [deprecation] AssumptionViolatedException(String) in AssumptionViolatedException has been deprecated
[WARNING] /media/loopback/C4DAE5FEDAE5EC9C/Users/luan_/mutationsTests/junit4-4.12/CBD/1/src/test/java/org/junit/tests/running/classes/ParentRunnerTest.java:[212,18] [deprecation] AssumptionViolatedException(String) in AssumptionViolatedException has been deprecated
[WARNING] /media/loopback/C4DAE5FEDAE5EC9C/Users/luan_/mutationsTests/junit4-4.12/CBD/1/src/test/java/org/junit/tests/internal/runners/statements/FailOnTimeoutTest.java:[35,48] [deprecation] FailOnTimeout(Statement,long) in FailOnTimeout has been deprecated
[WARNING] /media/loopback/C4DAE5FEDAE5EC9C/Users/luan_/mutationsTests/junit4-4.12/CBD/1/src/test/java/org/junit/tests/internal/runners/statements/FailOnTimeoutTest.java:[117,44] [deprecation] FailOnTimeout(Statement,long) in FailOnTimeout has been deprecated
[WARNING] /media/loopback/C4DAE5FEDAE5EC9C/Users/luan_/mutationsTests/junit4-4.12/CBD/1/src/test/java/org/junit/tests/internal/runners/statements/FailOnTimeoutTest.java:[145,37] [deprecation] FailOnTimeout(Statement,long) in FailOnTimeout has been deprecated
[WARNING] /media/loopback/C4DAE5FEDAE5EC9C/Users/luan_/mutationsTests/junit4-4.12/CBD/1/src/test/java/org/junit/tests/running/core/MainRunner.java:[43,23] [deprecation] getInCheck() in SecurityManager has been deprecated
[WARNING] /media/loopback/C4DAE5FEDAE5EC9C/Users/luan_/mutationsTests/junit4-4.12/CBD/1/src/test/java/org/junit/tests/running/core/MainRunner.java:[44,79] [deprecation] getInCheck() in SecurityManager has been deprecated
[WARNING] /media/loopback/C4DAE5FEDAE5EC9C/Users/luan_/mutationsTests/junit4-4.12/CBD/1/src/test/java/org/junit/tests/running/core/MainRunner.java:[179,20] [deprecation] checkMulticast(InetAddress,byte) in SecurityManager has been deprecated
[WARNING] /media/loopback/C4DAE5FEDAE5EC9C/Users/luan_/mutationsTests/junit4-4.12/CBD/1/src/test/java/org/junit/tests/running/core/MainRunner.java:[181,39] [deprecation] checkMulticast(InetAddress,byte) in SecurityManager has been deprecated
[WARNING] /media/loopback/C4DAE5FEDAE5EC9C/Users/luan_/mutationsTests/junit4-4.12/CBD/1/src/test/java/org/junit/tests/running/core/MainRunner.java:[200,23] [deprecation] checkTopLevelWindow(Object) in SecurityManager has been deprecated
[WARNING] /media/loopback/C4DAE5FEDAE5EC9C/Users/luan_/mutationsTests/junit4-4.12/CBD/1/src/test/java/org/junit/tests/running/core/MainRunner.java:[201,60] [deprecation] checkTopLevelWindow(Object) in SecurityManager has been deprecated
[WARNING] /media/loopback/C4DAE5FEDAE5EC9C/Users/luan_/mutationsTests/junit4-4.12/CBD/1/src/test/java/org/junit/tests/running/core/MainRunner.java:[201,114] [deprecation] checkTopLevelWindow(Object) in SecurityManager has been deprecated
[WARNING] /media/loopback/C4DAE5FEDAE5EC9C/Users/luan_/mutationsTests/junit4-4.12/CBD/1/src/test/java/org/junit/tests/running/core/MainRunner.java:[212,20] [deprecation] checkSystemClipboardAccess() in SecurityManager has been deprecated
[WARNING] /media/loopback/C4DAE5FEDAE5EC9C/Users/luan_/mutationsTests/junit4-4.12/CBD/1/src/test/java/org/junit/tests/running/core/MainRunner.java:[214,39] [deprecation] checkSystemClipboardAccess() in SecurityManager has been deprecated
[WARNING] /media/loopback/C4DAE5FEDAE5EC9C/Users/luan_/mutationsTests/junit4-4.12/CBD/1/src/test/java/org/junit/tests/running/core/MainRunner.java:[219,20] [deprecation] checkAwtEventQueueAccess() in SecurityManager has been deprecated
[WARNING] /media/loopback/C4DAE5FEDAE5EC9C/Users/luan_/mutationsTests/junit4-4.12/CBD/1/src/test/java/org/junit/tests/running/core/MainRunner.java:[221,39] [deprecation] checkAwtEventQueueAccess() in SecurityManager has been deprecated
[WARNING] /media/loopback/C4DAE5FEDAE5EC9C/Users/luan_/mutationsTests/junit4-4.12/CBD/1/src/test/java/org/junit/tests/running/core/MainRunner.java:[247,20] [deprecation] checkMemberAccess(Class<?>,int) in SecurityManager has been deprecated
[WARNING] /media/loopback/C4DAE5FEDAE5EC9C/Users/luan_/mutationsTests/junit4-4.12/CBD/1/src/test/java/org/junit/tests/running/core/MainRunner.java:[249,39] [deprecation] checkMemberAccess(Class<?>,int) in SecurityManager has been deprecated
[INFO] 
[INFO] --- maven-surefire-plugin:2.17:test (default-test) @ junit ---
[INFO] Surefire report directory: /media/loopback/C4DAE5FEDAE5EC9C/Users/luan_/mutationsTests/junit4-4.12/CBD/1/target/surefire-reports

-------------------------------------------------------
 T E S T S
-------------------------------------------------------
Running org.junit.tests.AllTests
Tests run: 874, Failures: 0, Errors: 0, Skipped: 0, Time elapsed: 6.219 sec - in org.junit.tests.AllTests

Results :

Tests run: 874, Failures: 0, Errors: 0, Skipped: 0

[INFO] 
[INFO] --- animal-sniffer-maven-plugin:1.11:check (signature-check) @ junit ---
[INFO] Checking unresolved references to org.codehaus.mojo.signature:java15:1.0
[INFO] ------------------------------------------------------------------------
[INFO] BUILD SUCCESS
[INFO] ------------------------------------------------------------------------
[INFO] Total time: 17.074 s
[INFO] Finished at: 2019-03-05T11:57:31-03:00
[INFO] ------------------------------------------------------------------------
--OK! Morto? Result: false
Arquivo: /media/loopback/C4DAE5FEDAE5EC9C/Users/luan_/mutationsTests/junit4-4.12/junit4-4.12/src/main/java/junit/extensions/package-info.java
Número de ocorrencias: 0
Arquivo: /media/loopback/C4DAE5FEDAE5EC9C/Users/luan_/mutationsTests/junit4-4.12/junit4-4.12/src/main/java/junit/extensions/RepeatedTest.java
Número de ocorrencias: 0
Arquivo: /media/loopback/C4DAE5FEDAE5EC9C/Users/luan_/mutationsTests/junit4-4.12/junit4-4.12/src/main/java/junit/extensions/TestDecorator.java
Número de ocorrencias: 0
Arquivo: /media/loopback/C4DAE5FEDAE5EC9C/Users/luan_/mutationsTests/junit4-4.12/junit4-4.12/src/main/java/junit/extensions/TestSetup.java
Número de ocorrencias: 0
Arquivo: /media/loopback/C4DAE5FEDAE5EC9C/Users/luan_/mutationsTests/junit4-4.12/junit4-4.12/src/main/java/junit/framework/Assert.java
Número de ocorrencias: 0
Arquivo: /media/loopback/C4DAE5FEDAE5EC9C/Users/luan_/mutationsTests/junit4-4.12/junit4-4.12/src/main/java/junit/framework/AssertionFailedError.java
Número de ocorrencias: 0
Arquivo: /media/loopback/C4DAE5FEDAE5EC9C/Users/luan_/mutationsTests/junit4-4.12/junit4-4.12/src/main/java/junit/framework/ComparisonCompactor.java
Número de ocorrencias: 0
Arquivo: /media/loopback/C4DAE5FEDAE5EC9C/Users/luan_/mutationsTests/junit4-4.12/junit4-4.12/src/main/java/junit/framework/ComparisonFailure.java
Número de ocorrencias: 0
Arquivo: /media/loopback/C4DAE5FEDAE5EC9C/Users/luan_/mutationsTests/junit4-4.12/junit4-4.12/src/main/java/junit/framework/JUnit4TestAdapter.java
Número de ocorrencias: 0
Arquivo: /media/loopback/C4DAE5FEDAE5EC9C/Users/luan_/mutationsTests/junit4-4.12/junit4-4.12/src/main/java/junit/framework/JUnit4TestAdapterCache.java
Número de ocorrencias: 0
Arquivo: /media/loopback/C4DAE5FEDAE5EC9C/Users/luan_/mutationsTests/junit4-4.12/junit4-4.12/src/main/java/junit/framework/JUnit4TestCaseFacade.java
Número de ocorrencias: 0
Arquivo: /media/loopback/C4DAE5FEDAE5EC9C/Users/luan_/mutationsTests/junit4-4.12/junit4-4.12/src/main/java/junit/framework/package-info.java
Número de ocorrencias: 0
Arquivo: /media/loopback/C4DAE5FEDAE5EC9C/Users/luan_/mutationsTests/junit4-4.12/junit4-4.12/src/main/java/junit/framework/Protectable.java
Número de ocorrencias: 0
Arquivo: /media/loopback/C4DAE5FEDAE5EC9C/Users/luan_/mutationsTests/junit4-4.12/junit4-4.12/src/main/java/junit/framework/Test.java
Número de ocorrencias: 0
Arquivo: /media/loopback/C4DAE5FEDAE5EC9C/Users/luan_/mutationsTests/junit4-4.12/junit4-4.12/src/main/java/junit/framework/TestCase.java
Número de ocorrencias: 4
Limpando copyOutputSpoonToProject
getAbsolutePath: /media/loopback/C4DAE5FEDAE5EC9C/Users/luan_/mutationsTests/junit4-4.12/junit4-4.12/src/main/java/junit/framework/TestCase.java
URI: junit4-4.12
Sub: null
Posicao for 1 Número do mutante: 1 precisa de modificação: true
Saída do arquivo modificado: 

beginLine=145, 

endLine=149, 

CodeBefore=
try {
    tearDown();
} catch (java.lang.Throwable tearingDown) {
    if (exception == null)
        exception = tearingDown;

}, 

CodeAfter=
try {
    tearDown();
} finally {
}

Gerando copia do arquivo...
Copy Mutant Test: /media/loopback/C4DAE5FEDAE5EC9C/Users/luan_/mutationsTests/junit4-4.12/CBD/2
Gerando copia do arquivo... copyOutputSpoonToProject toPath: /media/loopback/C4DAE5FEDAE5EC9C/Users/luan_/mutationsTests/junit4-4.12/CBD/2/null/src/main/java fromPath: /media/loopback/C4DAE5FEDAE5EC9C/Users/luan_/mutationsTests/temp
-Verificando se o mutant: ( /media/loopback/C4DAE5FEDAE5EC9C/Users/luan_/mutationsTests/junit4-4.12/CBD/2 ) passa ou não nos testes.
[WARN] Maven will be executed in interactive mode, but no input stream has been configured for this MavenInvoker instance.
[INFO] Scanning for projects...
[WARNING] The project junit:junit:jar:4.12 uses prerequisites which is only intended for maven-plugin projects but not for non maven-plugin projects. For such purposes you should use the maven-enforcer-plugin. See https://maven.apache.org/enforcer/enforcer-rules/requireMavenVersion.html
[INFO] 
[INFO] ----------------------------< junit:junit >-----------------------------
[INFO] Building JUnit 4.12
[INFO] --------------------------------[ jar ]---------------------------------
[INFO] 
[INFO] --- maven-enforcer-plugin:1.3.1:enforce (enforce-versions) @ junit ---
[INFO] 
[INFO] --- replacer:1.5.3:replace (default) @ junit ---
[INFO] Replacement run on 1 file.
[INFO] 
[INFO] --- maven-resources-plugin:2.6:resources (default-resources) @ junit ---
[INFO] Using 'ISO-8859-1' encoding to copy filtered resources.
[INFO] Copying 2 resources
[INFO] Copying 1 resource
[INFO] 
[INFO] --- maven-compiler-plugin:3.1:compile (default-compile) @ junit ---
[INFO] Changes detected - recompiling the module!
[INFO] Compiling 195 source files to /media/loopback/C4DAE5FEDAE5EC9C/Users/luan_/mutationsTests/junit4-4.12/CBD/2/target/classes
[WARNING] To suppress warnings about obsolete options, use -Xlint:-options.
/media/loopback/C4DAE5FEDAE5EC9C/Users/luan_/mutationsTests/junit4-4.12/CBD/2/src/main/java/junit/extensions/TestDecorator.java:[3,22] [deprecation] Assert in junit.framework has been deprecated
[WARNING] /media/loopback/C4DAE5FEDAE5EC9C/Users/luan_/mutationsTests/junit4-4.12/CBD/2/src/main/java/org/junit/internal/runners/statements/FailOnTimeout.java:[108,11] no description for @param
[WARNING] /media/loopback/C4DAE5FEDAE5EC9C/Users/luan_/mutationsTests/junit4-4.12/CBD/2/src/main/java/org/junit/internal/Classes.java:[13,7] no description for @throws
[WARNING] /media/loopback/C4DAE5FEDAE5EC9C/Users/luan_/mutationsTests/junit4-4.12/CBD/2/src/main/java/org/junit/runner/FilterFactories.java:[19,7] no description for @throws
[WARNING] /media/loopback/C4DAE5FEDAE5EC9C/Users/luan_/mutationsTests/junit4-4.12/CBD/2/src/main/java/org/junit/runner/JUnitCore.java:[66,7] no description for @param
[WARNING] /media/loopback/C4DAE5FEDAE5EC9C/Users/luan_/mutationsTests/junit4-4.12/CBD/2/src/main/java/junit/extensions/TestDecorator.java:[12,35] [deprecation] Assert in junit.framework has been deprecated
[WARNING] /media/loopback/C4DAE5FEDAE5EC9C/Users/luan_/mutationsTests/junit4-4.12/CBD/2/src/main/java/junit/framework/TestCase.java:[76,39] [deprecation] Assert in junit.framework has been deprecated
[WARNING] /media/loopback/C4DAE5FEDAE5EC9C/Users/luan_/mutationsTests/junit4-4.12/CBD/2/src/main/java/junit/framework/ComparisonCompactor.java:[23,19] [deprecation] Assert in junit.framework has been deprecated
[WARNING] /media/loopback/C4DAE5FEDAE5EC9C/Users/luan_/mutationsTests/junit4-4.12/CBD/2/src/main/java/junit/framework/ComparisonCompactor.java:[30,15] [deprecation] Assert in junit.framework has been deprecated
[INFO] 
[INFO] --- maven-resources-plugin:2.6:testResources (default-testResources) @ junit ---
[INFO] Using 'ISO-8859-1' encoding to copy filtered resources.
[INFO] Copying 2 resources
[INFO] 
[INFO] --- maven-compiler-plugin:3.1:testCompile (default-testCompile) @ junit ---
[INFO] Changes detected - recompiling the module!
[INFO] Compiling 197 source files to /media/loopback/C4DAE5FEDAE5EC9C/Users/luan_/mutationsTests/junit4-4.12/CBD/2/target/test-classes
[WARNING] To suppress warnings about obsolete options, use -Xlint:-options.
/media/loopback/C4DAE5FEDAE5EC9C/Users/luan_/mutationsTests/junit4-4.12/CBD/2/src/test/java/org/junit/tests/experimental/rules/TestWatchmanTest.java:[3,29] [deprecation] Assert in junit.framework has been deprecated
[WARNING] /media/loopback/C4DAE5FEDAE5EC9C/Users/luan_/mutationsTests/junit4-4.12/CBD/2/src/test/java/org/junit/tests/experimental/rules/TestWatchmanTest.java:[11,22] [deprecation] TestWatchman in org.junit.rules has been deprecated
[WARNING] /media/loopback/C4DAE5FEDAE5EC9C/Users/luan_/mutationsTests/junit4-4.12/CBD/2/src/test/java/org/junit/tests/deprecated/JUnit4ClassRunnerTest.java:[8,33] [deprecation] JUnit4ClassRunner in org.junit.internal.runners has been deprecated
[WARNING] /media/loopback/C4DAE5FEDAE5EC9C/Users/luan_/mutationsTests/junit4-4.12/CBD/2/src/test/java/org/junit/tests/experimental/rules/RuleMemberValidatorTest.java:[18,22] [deprecation] TestWatchman in org.junit.rules has been deprecated
[WARNING] /media/loopback/C4DAE5FEDAE5EC9C/Users/luan_/mutationsTests/junit4-4.12/CBD/2/src/test/java/org/junit/tests/experimental/rules/MethodRulesTest.java:[19,22] [deprecation] TestWatchman in org.junit.rules has been deprecated
[WARNING] /media/loopback/C4DAE5FEDAE5EC9C/Users/luan_/mutationsTests/junit4-4.12/CBD/2/src/test/java/org/junit/tests/validation/BadlyFormedClassesTest.java:[7,33] [deprecation] JUnit4ClassRunner in org.junit.internal.runners has been deprecated
[WARNING] /media/loopback/C4DAE5FEDAE5EC9C/Users/luan_/mutationsTests/junit4-4.12/CBD/2/src/test/java/org/junit/tests/AllTests.java:[30,33] [deprecation] JUnit4ClassRunnerTest in org.junit.tests.deprecated has been deprecated
[WARNING] /media/loopback/C4DAE5FEDAE5EC9C/Users/luan_/mutationsTests/junit4-4.12/CBD/2/src/test/java/org/junit/tests/experimental/rules/TestWatcherTest.java:[55,27] [deprecation] skipped(AssumptionViolatedException,Description) in TestWatcher has been deprecated
[WARNING] /media/loopback/C4DAE5FEDAE5EC9C/Users/luan_/mutationsTests/junit4-4.12/CBD/2/src/test/java/org/junit/tests/experimental/rules/TestWatcherTest.java:[62,18] [deprecation] AssumptionViolatedException(String) in AssumptionViolatedException has been deprecated
[WARNING] /media/loopback/C4DAE5FEDAE5EC9C/Users/luan_/mutationsTests/junit4-4.12/CBD/2/src/test/java/org/junit/tests/experimental/rules/TestWatcherTest.java:[78,27] [deprecation] skipped(AssumptionViolatedException,Description) in TestWatcher has been deprecated
[WARNING] /media/loopback/C4DAE5FEDAE5EC9C/Users/luan_/mutationsTests/junit4-4.12/CBD/2/src/test/java/org/junit/tests/experimental/rules/TestWatcherTest.java:[85,18] [deprecation] AssumptionViolatedException(String) in AssumptionViolatedException has been deprecated
[WARNING] /media/loopback/C4DAE5FEDAE5EC9C/Users/luan_/mutationsTests/junit4-4.12/CBD/2/src/test/java/org/junit/tests/experimental/rules/TestRuleTest.java:[483,27] [deprecation] skipped(AssumptionViolatedException,Description) in TestWatcher has been deprecated
[WARNING] /media/loopback/C4DAE5FEDAE5EC9C/Users/luan_/mutationsTests/junit4-4.12/CBD/2/src/test/java/org/junit/tests/experimental/rules/ClassRulesTest.java:[4] documentation comment not expected here
[WARNING] /media/loopback/C4DAE5FEDAE5EC9C/Users/luan_/mutationsTests/junit4-4.12/CBD/2/src/test/java/org/junit/tests/running/classes/ParentRunnerTest.java:[180,18] [deprecation] AssumptionViolatedException(String) in AssumptionViolatedException has been deprecated
[WARNING] /media/loopback/C4DAE5FEDAE5EC9C/Users/luan_/mutationsTests/junit4-4.12/CBD/2/src/test/java/org/junit/tests/running/classes/ParentRunnerTest.java:[212,18] [deprecation] AssumptionViolatedException(String) in AssumptionViolatedException has been deprecated
[WARNING] /media/loopback/C4DAE5FEDAE5EC9C/Users/luan_/mutationsTests/junit4-4.12/CBD/2/src/test/java/org/junit/tests/internal/runners/statements/FailOnTimeoutTest.java:[35,48] [deprecation] FailOnTimeout(Statement,long) in FailOnTimeout has been deprecated
[WARNING] /media/loopback/C4DAE5FEDAE5EC9C/Users/luan_/mutationsTests/junit4-4.12/CBD/2/src/test/java/org/junit/tests/internal/runners/statements/FailOnTimeoutTest.java:[117,44] [deprecation] FailOnTimeout(Statement,long) in FailOnTimeout has been deprecated
[WARNING] /media/loopback/C4DAE5FEDAE5EC9C/Users/luan_/mutationsTests/junit4-4.12/CBD/2/src/test/java/org/junit/tests/internal/runners/statements/FailOnTimeoutTest.java:[145,37] [deprecation] FailOnTimeout(Statement,long) in FailOnTimeout has been deprecated
[WARNING] /media/loopback/C4DAE5FEDAE5EC9C/Users/luan_/mutationsTests/junit4-4.12/CBD/2/src/test/java/org/junit/tests/running/core/MainRunner.java:[43,23] [deprecation] getInCheck() in SecurityManager has been deprecated
[WARNING] /media/loopback/C4DAE5FEDAE5EC9C/Users/luan_/mutationsTests/junit4-4.12/CBD/2/src/test/java/org/junit/tests/running/core/MainRunner.java:[44,79] [deprecation] getInCheck() in SecurityManager has been deprecated
[WARNING] /media/loopback/C4DAE5FEDAE5EC9C/Users/luan_/mutationsTests/junit4-4.12/CBD/2/src/test/java/org/junit/tests/running/core/MainRunner.java:[179,20] [deprecation] checkMulticast(InetAddress,byte) in SecurityManager has been deprecated
[WARNING] /media/loopback/C4DAE5FEDAE5EC9C/Users/luan_/mutationsTests/junit4-4.12/CBD/2/src/test/java/org/junit/tests/running/core/MainRunner.java:[181,39] [deprecation] checkMulticast(InetAddress,byte) in SecurityManager has been deprecated
[WARNING] /media/loopback/C4DAE5FEDAE5EC9C/Users/luan_/mutationsTests/junit4-4.12/CBD/2/src/test/java/org/junit/tests/running/core/MainRunner.java:[200,23] [deprecation] checkTopLevelWindow(Object) in SecurityManager has been deprecated
[WARNING] /media/loopback/C4DAE5FEDAE5EC9C/Users/luan_/mutationsTests/junit4-4.12/CBD/2/src/test/java/org/junit/tests/running/core/MainRunner.java:[201,60] [deprecation] checkTopLevelWindow(Object) in SecurityManager has been deprecated
[WARNING] /media/loopback/C4DAE5FEDAE5EC9C/Users/luan_/mutationsTests/junit4-4.12/CBD/2/src/test/java/org/junit/tests/running/core/MainRunner.java:[201,114] [deprecation] checkTopLevelWindow(Object) in SecurityManager has been deprecated
[WARNING] /media/loopback/C4DAE5FEDAE5EC9C/Users/luan_/mutationsTests/junit4-4.12/CBD/2/src/test/java/org/junit/tests/running/core/MainRunner.java:[212,20] [deprecation] checkSystemClipboardAccess() in SecurityManager has been deprecated
[WARNING] /media/loopback/C4DAE5FEDAE5EC9C/Users/luan_/mutationsTests/junit4-4.12/CBD/2/src/test/java/org/junit/tests/running/core/MainRunner.java:[214,39] [deprecation] checkSystemClipboardAccess() in SecurityManager has been deprecated
[WARNING] /media/loopback/C4DAE5FEDAE5EC9C/Users/luan_/mutationsTests/junit4-4.12/CBD/2/src/test/java/org/junit/tests/running/core/MainRunner.java:[219,20] [deprecation] checkAwtEventQueueAccess() in SecurityManager has been deprecated
[WARNING] /media/loopback/C4DAE5FEDAE5EC9C/Users/luan_/mutationsTests/junit4-4.12/CBD/2/src/test/java/org/junit/tests/running/core/MainRunner.java:[221,39] [deprecation] checkAwtEventQueueAccess() in SecurityManager has been deprecated
[WARNING] /media/loopback/C4DAE5FEDAE5EC9C/Users/luan_/mutationsTests/junit4-4.12/CBD/2/src/test/java/org/junit/tests/running/core/MainRunner.java:[247,20] [deprecation] checkMemberAccess(Class<?>,int) in SecurityManager has been deprecated
[WARNING] /media/loopback/C4DAE5FEDAE5EC9C/Users/luan_/mutationsTests/junit4-4.12/CBD/2/src/test/java/org/junit/tests/running/core/MainRunner.java:[249,39] [deprecation] checkMemberAccess(Class<?>,int) in SecurityManager has been deprecated
[INFO] 
[INFO] --- maven-surefire-plugin:2.17:test (default-test) @ junit ---
[INFO] Surefire report directory: /media/loopback/C4DAE5FEDAE5EC9C/Users/luan_/mutationsTests/junit4-4.12/CBD/2/target/surefire-reports

-------------------------------------------------------
 T E S T S
-------------------------------------------------------
Running org.junit.tests.AllTests
Tests run: 874, Failures: 0, Errors: 0, Skipped: 0, Time elapsed: 6.216 sec - in org.junit.tests.AllTests

Results :

Tests run: 874, Failures: 0, Errors: 0, Skipped: 0

[INFO] 
[INFO] --- animal-sniffer-maven-plugin:1.11:check (signature-check) @ junit ---
[INFO] Checking unresolved references to org.codehaus.mojo.signature:java15:1.0
[INFO] ------------------------------------------------------------------------
[INFO] BUILD SUCCESS
[INFO] ------------------------------------------------------------------------
[INFO] Total time: 16.843 s
[INFO] Finished at: 2019-03-05T11:57:52-03:00
[INFO] ------------------------------------------------------------------------
--OK! Morto? Result: false
Limpando copyOutputSpoonToProject
getAbsolutePath: /media/loopback/C4DAE5FEDAE5EC9C/Users/luan_/mutationsTests/junit4-4.12/junit4-4.12/src/main/java/junit/framework/TestCase.java
URI: junit4-4.12
Sub: null
Posicao for 2 Número do mutante: 2 precisa de modificação: true
Saída do arquivo modificado: 

beginLine=140, 

endLine=150, 

CodeBefore=
try {
    runTest();
} catch (java.lang.Throwable running) {
    exception = running;
} finally {
    try {
        tearDown();
    } catch (java.lang.Throwable tearingDown) {
        if (exception == null)
            exception = tearingDown;

    }
}, 

CodeAfter=
try {
    runTest();
} finally {
    try {
        tearDown();
    } catch (java.lang.Throwable tearingDown) {
        if (exception == null)
            exception = tearingDown;

    }
}

Gerando copia do arquivo...
Copy Mutant Test: /media/loopback/C4DAE5FEDAE5EC9C/Users/luan_/mutationsTests/junit4-4.12/CBD/3
Gerando copia do arquivo... copyOutputSpoonToProject toPath: /media/loopback/C4DAE5FEDAE5EC9C/Users/luan_/mutationsTests/junit4-4.12/CBD/3/null/src/main/java fromPath: /media/loopback/C4DAE5FEDAE5EC9C/Users/luan_/mutationsTests/temp
-Verificando se o mutant: ( /media/loopback/C4DAE5FEDAE5EC9C/Users/luan_/mutationsTests/junit4-4.12/CBD/3 ) passa ou não nos testes.
[WARN] Maven will be executed in interactive mode, but no input stream has been configured for this MavenInvoker instance.
[INFO] Scanning for projects...
[WARNING] The project junit:junit:jar:4.12 uses prerequisites which is only intended for maven-plugin projects but not for non maven-plugin projects. For such purposes you should use the maven-enforcer-plugin. See https://maven.apache.org/enforcer/enforcer-rules/requireMavenVersion.html
[INFO] 
[INFO] ----------------------------< junit:junit >-----------------------------
[INFO] Building JUnit 4.12
[INFO] --------------------------------[ jar ]---------------------------------
[INFO] 
[INFO] --- maven-enforcer-plugin:1.3.1:enforce (enforce-versions) @ junit ---
[INFO] 
[INFO] --- replacer:1.5.3:replace (default) @ junit ---
[INFO] Replacement run on 1 file.
[INFO] 
[INFO] --- maven-resources-plugin:2.6:resources (default-resources) @ junit ---
[INFO] Using 'ISO-8859-1' encoding to copy filtered resources.
[INFO] Copying 2 resources
[INFO] Copying 1 resource
[INFO] 
[INFO] --- maven-compiler-plugin:3.1:compile (default-compile) @ junit ---
[INFO] Changes detected - recompiling the module!
[INFO] Compiling 195 source files to /media/loopback/C4DAE5FEDAE5EC9C/Users/luan_/mutationsTests/junit4-4.12/CBD/3/target/classes
[WARNING] To suppress warnings about obsolete options, use -Xlint:-options.
/media/loopback/C4DAE5FEDAE5EC9C/Users/luan_/mutationsTests/junit4-4.12/CBD/3/src/main/java/junit/extensions/TestDecorator.java:[3,22] [deprecation] Assert in junit.framework has been deprecated
[WARNING] /media/loopback/C4DAE5FEDAE5EC9C/Users/luan_/mutationsTests/junit4-4.12/CBD/3/src/main/java/org/junit/runner/JUnitCore.java:[66,7] no description for @param
[WARNING] /media/loopback/C4DAE5FEDAE5EC9C/Users/luan_/mutationsTests/junit4-4.12/CBD/3/src/main/java/org/junit/internal/Classes.java:[13,7] no description for @throws
[WARNING] /media/loopback/C4DAE5FEDAE5EC9C/Users/luan_/mutationsTests/junit4-4.12/CBD/3/src/main/java/org/junit/runner/FilterFactories.java:[19,7] no description for @throws
[WARNING] /media/loopback/C4DAE5FEDAE5EC9C/Users/luan_/mutationsTests/junit4-4.12/CBD/3/src/main/java/org/junit/internal/runners/statements/FailOnTimeout.java:[108,11] no description for @param
[WARNING] /media/loopback/C4DAE5FEDAE5EC9C/Users/luan_/mutationsTests/junit4-4.12/CBD/3/src/main/java/junit/framework/TestCase.java:[76,39] [deprecation] Assert in junit.framework has been deprecated
[WARNING] /media/loopback/C4DAE5FEDAE5EC9C/Users/luan_/mutationsTests/junit4-4.12/CBD/3/src/main/java/junit/extensions/TestDecorator.java:[12,35] [deprecation] Assert in junit.framework has been deprecated
[WARNING] /media/loopback/C4DAE5FEDAE5EC9C/Users/luan_/mutationsTests/junit4-4.12/CBD/3/src/main/java/junit/framework/ComparisonCompactor.java:[23,19] [deprecation] Assert in junit.framework has been deprecated
[WARNING] /media/loopback/C4DAE5FEDAE5EC9C/Users/luan_/mutationsTests/junit4-4.12/CBD/3/src/main/java/junit/framework/ComparisonCompactor.java:[30,15] [deprecation] Assert in junit.framework has been deprecated
[INFO] 
[INFO] --- maven-resources-plugin:2.6:testResources (default-testResources) @ junit ---
[INFO] Using 'ISO-8859-1' encoding to copy filtered resources.
[INFO] Copying 2 resources
[INFO] 
[INFO] --- maven-compiler-plugin:3.1:testCompile (default-testCompile) @ junit ---
[INFO] Changes detected - recompiling the module!
[INFO] Compiling 197 source files to /media/loopback/C4DAE5FEDAE5EC9C/Users/luan_/mutationsTests/junit4-4.12/CBD/3/target/test-classes
[WARNING] To suppress warnings about obsolete options, use -Xlint:-options.
/media/loopback/C4DAE5FEDAE5EC9C/Users/luan_/mutationsTests/junit4-4.12/CBD/3/src/test/java/org/junit/tests/AllTests.java:[30,33] [deprecation] JUnit4ClassRunnerTest in org.junit.tests.deprecated has been deprecated
[WARNING] /media/loopback/C4DAE5FEDAE5EC9C/Users/luan_/mutationsTests/junit4-4.12/CBD/3/src/test/java/org/junit/tests/experimental/rules/TestWatchmanTest.java:[3,29] [deprecation] Assert in junit.framework has been deprecated
[WARNING] /media/loopback/C4DAE5FEDAE5EC9C/Users/luan_/mutationsTests/junit4-4.12/CBD/3/src/test/java/org/junit/tests/experimental/rules/TestWatchmanTest.java:[11,22] [deprecation] TestWatchman in org.junit.rules has been deprecated
[WARNING] /media/loopback/C4DAE5FEDAE5EC9C/Users/luan_/mutationsTests/junit4-4.12/CBD/3/src/test/java/org/junit/tests/experimental/rules/RuleMemberValidatorTest.java:[18,22] [deprecation] TestWatchman in org.junit.rules has been deprecated
[WARNING] /media/loopback/C4DAE5FEDAE5EC9C/Users/luan_/mutationsTests/junit4-4.12/CBD/3/src/test/java/org/junit/tests/validation/BadlyFormedClassesTest.java:[7,33] [deprecation] JUnit4ClassRunner in org.junit.internal.runners has been deprecated
[WARNING] /media/loopback/C4DAE5FEDAE5EC9C/Users/luan_/mutationsTests/junit4-4.12/CBD/3/src/test/java/org/junit/tests/deprecated/JUnit4ClassRunnerTest.java:[8,33] [deprecation] JUnit4ClassRunner in org.junit.internal.runners has been deprecated
[WARNING] /media/loopback/C4DAE5FEDAE5EC9C/Users/luan_/mutationsTests/junit4-4.12/CBD/3/src/test/java/org/junit/tests/experimental/rules/MethodRulesTest.java:[19,22] [deprecation] TestWatchman in org.junit.rules has been deprecated
[WARNING] /media/loopback/C4DAE5FEDAE5EC9C/Users/luan_/mutationsTests/junit4-4.12/CBD/3/src/test/java/org/junit/tests/experimental/rules/ClassRulesTest.java:[4] documentation comment not expected here
[WARNING] /media/loopback/C4DAE5FEDAE5EC9C/Users/luan_/mutationsTests/junit4-4.12/CBD/3/src/test/java/org/junit/tests/experimental/rules/TestWatcherTest.java:[55,27] [deprecation] skipped(AssumptionViolatedException,Description) in TestWatcher has been deprecated
[WARNING] /media/loopback/C4DAE5FEDAE5EC9C/Users/luan_/mutationsTests/junit4-4.12/CBD/3/src/test/java/org/junit/tests/experimental/rules/TestWatcherTest.java:[62,18] [deprecation] AssumptionViolatedException(String) in AssumptionViolatedException has been deprecated
[WARNING] /media/loopback/C4DAE5FEDAE5EC9C/Users/luan_/mutationsTests/junit4-4.12/CBD/3/src/test/java/org/junit/tests/experimental/rules/TestWatcherTest.java:[78,27] [deprecation] skipped(AssumptionViolatedException,Description) in TestWatcher has been deprecated
[WARNING] /media/loopback/C4DAE5FEDAE5EC9C/Users/luan_/mutationsTests/junit4-4.12/CBD/3/src/test/java/org/junit/tests/experimental/rules/TestWatcherTest.java:[85,18] [deprecation] AssumptionViolatedException(String) in AssumptionViolatedException has been deprecated
[WARNING] /media/loopback/C4DAE5FEDAE5EC9C/Users/luan_/mutationsTests/junit4-4.12/CBD/3/src/test/java/org/junit/tests/experimental/rules/TestRuleTest.java:[483,27] [deprecation] skipped(AssumptionViolatedException,Description) in TestWatcher has been deprecated
[WARNING] /media/loopback/C4DAE5FEDAE5EC9C/Users/luan_/mutationsTests/junit4-4.12/CBD/3/src/test/java/org/junit/tests/running/core/MainRunner.java:[43,23] [deprecation] getInCheck() in SecurityManager has been deprecated
[WARNING] /media/loopback/C4DAE5FEDAE5EC9C/Users/luan_/mutationsTests/junit4-4.12/CBD/3/src/test/java/org/junit/tests/running/core/MainRunner.java:[44,79] [deprecation] getInCheck() in SecurityManager has been deprecated
[WARNING] /media/loopback/C4DAE5FEDAE5EC9C/Users/luan_/mutationsTests/junit4-4.12/CBD/3/src/test/java/org/junit/tests/running/core/MainRunner.java:[179,20] [deprecation] checkMulticast(InetAddress,byte) in SecurityManager has been deprecated
[WARNING] /media/loopback/C4DAE5FEDAE5EC9C/Users/luan_/mutationsTests/junit4-4.12/CBD/3/src/test/java/org/junit/tests/running/core/MainRunner.java:[181,39] [deprecation] checkMulticast(InetAddress,byte) in SecurityManager has been deprecated
[WARNING] /media/loopback/C4DAE5FEDAE5EC9C/Users/luan_/mutationsTests/junit4-4.12/CBD/3/src/test/java/org/junit/tests/running/core/MainRunner.java:[200,23] [deprecation] checkTopLevelWindow(Object) in SecurityManager has been deprecated
[WARNING] /media/loopback/C4DAE5FEDAE5EC9C/Users/luan_/mutationsTests/junit4-4.12/CBD/3/src/test/java/org/junit/tests/running/core/MainRunner.java:[201,60] [deprecation] checkTopLevelWindow(Object) in SecurityManager has been deprecated
[WARNING] /media/loopback/C4DAE5FEDAE5EC9C/Users/luan_/mutationsTests/junit4-4.12/CBD/3/src/test/java/org/junit/tests/running/core/MainRunner.java:[201,114] [deprecation] checkTopLevelWindow(Object) in SecurityManager has been deprecated
[WARNING] /media/loopback/C4DAE5FEDAE5EC9C/Users/luan_/mutationsTests/junit4-4.12/CBD/3/src/test/java/org/junit/tests/running/core/MainRunner.java:[212,20] [deprecation] checkSystemClipboardAccess() in SecurityManager has been deprecated
[WARNING] /media/loopback/C4DAE5FEDAE5EC9C/Users/luan_/mutationsTests/junit4-4.12/CBD/3/src/test/java/org/junit/tests/running/core/MainRunner.java:[214,39] [deprecation] checkSystemClipboardAccess() in SecurityManager has been deprecated
[WARNING] /media/loopback/C4DAE5FEDAE5EC9C/Users/luan_/mutationsTests/junit4-4.12/CBD/3/src/test/java/org/junit/tests/running/core/MainRunner.java:[219,20] [deprecation] checkAwtEventQueueAccess() in SecurityManager has been deprecated
[WARNING] /media/loopback/C4DAE5FEDAE5EC9C/Users/luan_/mutationsTests/junit4-4.12/CBD/3/src/test/java/org/junit/tests/running/core/MainRunner.java:[221,39] [deprecation] checkAwtEventQueueAccess() in SecurityManager has been deprecated
[WARNING] /media/loopback/C4DAE5FEDAE5EC9C/Users/luan_/mutationsTests/junit4-4.12/CBD/3/src/test/java/org/junit/tests/running/core/MainRunner.java:[247,20] [deprecation] checkMemberAccess(Class<?>,int) in SecurityManager has been deprecated
[WARNING] /media/loopback/C4DAE5FEDAE5EC9C/Users/luan_/mutationsTests/junit4-4.12/CBD/3/src/test/java/org/junit/tests/running/core/MainRunner.java:[249,39] [deprecation] checkMemberAccess(Class<?>,int) in SecurityManager has been deprecated
[WARNING] /media/loopback/C4DAE5FEDAE5EC9C/Users/luan_/mutationsTests/junit4-4.12/CBD/3/src/test/java/org/junit/tests/internal/runners/statements/FailOnTimeoutTest.java:[35,48] [deprecation] FailOnTimeout(Statement,long) in FailOnTimeout has been deprecated
[WARNING] /media/loopback/C4DAE5FEDAE5EC9C/Users/luan_/mutationsTests/junit4-4.12/CBD/3/src/test/java/org/junit/tests/internal/runners/statements/FailOnTimeoutTest.java:[117,44] [deprecation] FailOnTimeout(Statement,long) in FailOnTimeout has been deprecated
[WARNING] /media/loopback/C4DAE5FEDAE5EC9C/Users/luan_/mutationsTests/junit4-4.12/CBD/3/src/test/java/org/junit/tests/internal/runners/statements/FailOnTimeoutTest.java:[145,37] [deprecation] FailOnTimeout(Statement,long) in FailOnTimeout has been deprecated
[WARNING] /media/loopback/C4DAE5FEDAE5EC9C/Users/luan_/mutationsTests/junit4-4.12/CBD/3/src/test/java/org/junit/tests/running/classes/ParentRunnerTest.java:[180,18] [deprecation] AssumptionViolatedException(String) in AssumptionViolatedException has been deprecated
[WARNING] /media/loopback/C4DAE5FEDAE5EC9C/Users/luan_/mutationsTests/junit4-4.12/CBD/3/src/test/java/org/junit/tests/running/classes/ParentRunnerTest.java:[212,18] [deprecation] AssumptionViolatedException(String) in AssumptionViolatedException has been deprecated
[INFO] 
[INFO] --- maven-surefire-plugin:2.17:test (default-test) @ junit ---
[INFO] Surefire report directory: /media/loopback/C4DAE5FEDAE5EC9C/Users/luan_/mutationsTests/junit4-4.12/CBD/3/target/surefire-reports

-------------------------------------------------------
 T E S T S
-------------------------------------------------------
Running org.junit.tests.AllTests
Tests run: 874, Failures: 0, Errors: 0, Skipped: 0, Time elapsed: 6.128 sec - in org.junit.tests.AllTests

Results :

Tests run: 874, Failures: 0, Errors: 0, Skipped: 0

[INFO] 
[INFO] --- animal-sniffer-maven-plugin:1.11:check (signature-check) @ junit ---
[INFO] Checking unresolved references to org.codehaus.mojo.signature:java15:1.0
[INFO] ------------------------------------------------------------------------
[INFO] BUILD SUCCESS
[INFO] ------------------------------------------------------------------------
[INFO] Total time: 16.779 s
[INFO] Finished at: 2019-03-05T11:58:12-03:00
[INFO] ------------------------------------------------------------------------
--OK! Morto? Result: false
Limpando copyOutputSpoonToProject
getAbsolutePath: /media/loopback/C4DAE5FEDAE5EC9C/Users/luan_/mutationsTests/junit4-4.12/junit4-4.12/src/main/java/junit/framework/TestCase.java
URI: junit4-4.12
Sub: null
Posicao for 3 Número do mutante: 3 precisa de modificação: true
Saída do arquivo modificado: 

beginLine=162, 

endLine=170, 

CodeBefore=
try {
    // use getMethod to get all public inherited
    // methods. getDeclaredMethods returns all
    // methods of this class but excludes the
    // inherited ones.
    runMethod = getClass().getMethod(fName, ((java.lang.Class[]) (null)));
} catch (java.lang.NoSuchMethodException e) {
    junit.framework.TestCase.fail((("Method \"" + (fName)) + "\" not found"));
}, 

CodeAfter=
try {
    // use getMethod to get all public inherited
    // methods. getDeclaredMethods returns all
    // methods of this class but excludes the
    // inherited ones.
    runMethod = getClass().getMethod(fName, ((java.lang.Class[]) (null)));
} finally {
}

Gerando copia do arquivo...
Copy Mutant Test: /media/loopback/C4DAE5FEDAE5EC9C/Users/luan_/mutationsTests/junit4-4.12/CBD/4
Gerando copia do arquivo... copyOutputSpoonToProject toPath: /media/loopback/C4DAE5FEDAE5EC9C/Users/luan_/mutationsTests/junit4-4.12/CBD/4/null/src/main/java fromPath: /media/loopback/C4DAE5FEDAE5EC9C/Users/luan_/mutationsTests/temp
-Verificando se o mutant: ( /media/loopback/C4DAE5FEDAE5EC9C/Users/luan_/mutationsTests/junit4-4.12/CBD/4 ) passa ou não nos testes.
[WARN] Maven will be executed in interactive mode, but no input stream has been configured for this MavenInvoker instance.
[INFO] Scanning for projects...
[WARNING] The project junit:junit:jar:4.12 uses prerequisites which is only intended for maven-plugin projects but not for non maven-plugin projects. For such purposes you should use the maven-enforcer-plugin. See https://maven.apache.org/enforcer/enforcer-rules/requireMavenVersion.html
[INFO] 
[INFO] ----------------------------< junit:junit >-----------------------------
[INFO] Building JUnit 4.12
[INFO] --------------------------------[ jar ]---------------------------------
[INFO] 
[INFO] --- maven-enforcer-plugin:1.3.1:enforce (enforce-versions) @ junit ---
[INFO] 
[INFO] --- replacer:1.5.3:replace (default) @ junit ---
[INFO] Replacement run on 1 file.
[INFO] 
[INFO] --- maven-resources-plugin:2.6:resources (default-resources) @ junit ---
[INFO] Using 'ISO-8859-1' encoding to copy filtered resources.
[INFO] Copying 2 resources
[INFO] Copying 1 resource
[INFO] 
[INFO] --- maven-compiler-plugin:3.1:compile (default-compile) @ junit ---
[INFO] Changes detected - recompiling the module!
[INFO] Compiling 195 source files to /media/loopback/C4DAE5FEDAE5EC9C/Users/luan_/mutationsTests/junit4-4.12/CBD/4/target/classes
[WARNING] To suppress warnings about obsolete options, use -Xlint:-options.
/media/loopback/C4DAE5FEDAE5EC9C/Users/luan_/mutationsTests/junit4-4.12/CBD/4/src/main/java/junit/extensions/TestDecorator.java:[3,22] [deprecation] Assert in junit.framework has been deprecated
[WARNING] /media/loopback/C4DAE5FEDAE5EC9C/Users/luan_/mutationsTests/junit4-4.12/CBD/4/src/main/java/org/junit/runner/JUnitCore.java:[66,7] no description for @param
[WARNING] /media/loopback/C4DAE5FEDAE5EC9C/Users/luan_/mutationsTests/junit4-4.12/CBD/4/src/main/java/org/junit/internal/runners/statements/FailOnTimeout.java:[108,11] no description for @param
[WARNING] /media/loopback/C4DAE5FEDAE5EC9C/Users/luan_/mutationsTests/junit4-4.12/CBD/4/src/main/java/org/junit/internal/Classes.java:[13,7] no description for @throws
[WARNING] /media/loopback/C4DAE5FEDAE5EC9C/Users/luan_/mutationsTests/junit4-4.12/CBD/4/src/main/java/org/junit/runner/FilterFactories.java:[19,7] no description for @throws
[WARNING] /media/loopback/C4DAE5FEDAE5EC9C/Users/luan_/mutationsTests/junit4-4.12/CBD/4/src/main/java/junit/framework/TestCase.java:[76,39] [deprecation] Assert in junit.framework has been deprecated
[WARNING] /media/loopback/C4DAE5FEDAE5EC9C/Users/luan_/mutationsTests/junit4-4.12/CBD/4/src/main/java/junit/extensions/TestDecorator.java:[12,35] [deprecation] Assert in junit.framework has been deprecated
[WARNING] /media/loopback/C4DAE5FEDAE5EC9C/Users/luan_/mutationsTests/junit4-4.12/CBD/4/src/main/java/junit/framework/ComparisonCompactor.java:[23,19] [deprecation] Assert in junit.framework has been deprecated
[WARNING] /media/loopback/C4DAE5FEDAE5EC9C/Users/luan_/mutationsTests/junit4-4.12/CBD/4/src/main/java/junit/framework/ComparisonCompactor.java:[30,15] [deprecation] Assert in junit.framework has been deprecated
[INFO] 
[INFO] --- maven-resources-plugin:2.6:testResources (default-testResources) @ junit ---
[INFO] Using 'ISO-8859-1' encoding to copy filtered resources.
[INFO] Copying 2 resources
[INFO] 
[INFO] --- maven-compiler-plugin:3.1:testCompile (default-testCompile) @ junit ---
[INFO] Changes detected - recompiling the module!
[INFO] Compiling 197 source files to /media/loopback/C4DAE5FEDAE5EC9C/Users/luan_/mutationsTests/junit4-4.12/CBD/4/target/test-classes
[WARNING] To suppress warnings about obsolete options, use -Xlint:-options.
/media/loopback/C4DAE5FEDAE5EC9C/Users/luan_/mutationsTests/junit4-4.12/CBD/4/src/test/java/org/junit/tests/validation/BadlyFormedClassesTest.java:[7,33] [deprecation] JUnit4ClassRunner in org.junit.internal.runners has been deprecated
[WARNING] /media/loopback/C4DAE5FEDAE5EC9C/Users/luan_/mutationsTests/junit4-4.12/CBD/4/src/test/java/org/junit/tests/experimental/rules/MethodRulesTest.java:[19,22] [deprecation] TestWatchman in org.junit.rules has been deprecated
[WARNING] /media/loopback/C4DAE5FEDAE5EC9C/Users/luan_/mutationsTests/junit4-4.12/CBD/4/src/test/java/org/junit/tests/AllTests.java:[30,33] [deprecation] JUnit4ClassRunnerTest in org.junit.tests.deprecated has been deprecated
[WARNING] /media/loopback/C4DAE5FEDAE5EC9C/Users/luan_/mutationsTests/junit4-4.12/CBD/4/src/test/java/org/junit/tests/deprecated/JUnit4ClassRunnerTest.java:[8,33] [deprecation] JUnit4ClassRunner in org.junit.internal.runners has been deprecated
[WARNING] /media/loopback/C4DAE5FEDAE5EC9C/Users/luan_/mutationsTests/junit4-4.12/CBD/4/src/test/java/org/junit/tests/experimental/rules/RuleMemberValidatorTest.java:[18,22] [deprecation] TestWatchman in org.junit.rules has been deprecated
[WARNING] /media/loopback/C4DAE5FEDAE5EC9C/Users/luan_/mutationsTests/junit4-4.12/CBD/4/src/test/java/org/junit/tests/experimental/rules/TestWatchmanTest.java:[3,29] [deprecation] Assert in junit.framework has been deprecated
[WARNING] /media/loopback/C4DAE5FEDAE5EC9C/Users/luan_/mutationsTests/junit4-4.12/CBD/4/src/test/java/org/junit/tests/experimental/rules/TestWatchmanTest.java:[11,22] [deprecation] TestWatchman in org.junit.rules has been deprecated
[WARNING] /media/loopback/C4DAE5FEDAE5EC9C/Users/luan_/mutationsTests/junit4-4.12/CBD/4/src/test/java/org/junit/tests/experimental/rules/ClassRulesTest.java:[4] documentation comment not expected here
[WARNING] /media/loopback/C4DAE5FEDAE5EC9C/Users/luan_/mutationsTests/junit4-4.12/CBD/4/src/test/java/org/junit/tests/experimental/rules/TestRuleTest.java:[483,27] [deprecation] skipped(AssumptionViolatedException,Description) in TestWatcher has been deprecated
[WARNING] /media/loopback/C4DAE5FEDAE5EC9C/Users/luan_/mutationsTests/junit4-4.12/CBD/4/src/test/java/org/junit/tests/experimental/rules/TestWatcherTest.java:[55,27] [deprecation] skipped(AssumptionViolatedException,Description) in TestWatcher has been deprecated
[WARNING] /media/loopback/C4DAE5FEDAE5EC9C/Users/luan_/mutationsTests/junit4-4.12/CBD/4/src/test/java/org/junit/tests/experimental/rules/TestWatcherTest.java:[62,18] [deprecation] AssumptionViolatedException(String) in AssumptionViolatedException has been deprecated
[WARNING] /media/loopback/C4DAE5FEDAE5EC9C/Users/luan_/mutationsTests/junit4-4.12/CBD/4/src/test/java/org/junit/tests/experimental/rules/TestWatcherTest.java:[78,27] [deprecation] skipped(AssumptionViolatedException,Description) in TestWatcher has been deprecated
[WARNING] /media/loopback/C4DAE5FEDAE5EC9C/Users/luan_/mutationsTests/junit4-4.12/CBD/4/src/test/java/org/junit/tests/experimental/rules/TestWatcherTest.java:[85,18] [deprecation] AssumptionViolatedException(String) in AssumptionViolatedException has been deprecated
[WARNING] /media/loopback/C4DAE5FEDAE5EC9C/Users/luan_/mutationsTests/junit4-4.12/CBD/4/src/test/java/org/junit/tests/running/core/MainRunner.java:[43,23] [deprecation] getInCheck() in SecurityManager has been deprecated
[WARNING] /media/loopback/C4DAE5FEDAE5EC9C/Users/luan_/mutationsTests/junit4-4.12/CBD/4/src/test/java/org/junit/tests/running/core/MainRunner.java:[44,79] [deprecation] getInCheck() in SecurityManager has been deprecated
[WARNING] /media/loopback/C4DAE5FEDAE5EC9C/Users/luan_/mutationsTests/junit4-4.12/CBD/4/src/test/java/org/junit/tests/running/core/MainRunner.java:[179,20] [deprecation] checkMulticast(InetAddress,byte) in SecurityManager has been deprecated
[WARNING] /media/loopback/C4DAE5FEDAE5EC9C/Users/luan_/mutationsTests/junit4-4.12/CBD/4/src/test/java/org/junit/tests/running/core/MainRunner.java:[181,39] [deprecation] checkMulticast(InetAddress,byte) in SecurityManager has been deprecated
[WARNING] /media/loopback/C4DAE5FEDAE5EC9C/Users/luan_/mutationsTests/junit4-4.12/CBD/4/src/test/java/org/junit/tests/running/core/MainRunner.java:[200,23] [deprecation] checkTopLevelWindow(Object) in SecurityManager has been deprecated
[WARNING] /media/loopback/C4DAE5FEDAE5EC9C/Users/luan_/mutationsTests/junit4-4.12/CBD/4/src/test/java/org/junit/tests/running/core/MainRunner.java:[201,60] [deprecation] checkTopLevelWindow(Object) in SecurityManager has been deprecated
[WARNING] /media/loopback/C4DAE5FEDAE5EC9C/Users/luan_/mutationsTests/junit4-4.12/CBD/4/src/test/java/org/junit/tests/running/core/MainRunner.java:[201,114] [deprecation] checkTopLevelWindow(Object) in SecurityManager has been deprecated
[WARNING] /media/loopback/C4DAE5FEDAE5EC9C/Users/luan_/mutationsTests/junit4-4.12/CBD/4/src/test/java/org/junit/tests/running/core/MainRunner.java:[212,20] [deprecation] checkSystemClipboardAccess() in SecurityManager has been deprecated
[WARNING] /media/loopback/C4DAE5FEDAE5EC9C/Users/luan_/mutationsTests/junit4-4.12/CBD/4/src/test/java/org/junit/tests/running/core/MainRunner.java:[214,39] [deprecation] checkSystemClipboardAccess() in SecurityManager has been deprecated
[WARNING] /media/loopback/C4DAE5FEDAE5EC9C/Users/luan_/mutationsTests/junit4-4.12/CBD/4/src/test/java/org/junit/tests/running/core/MainRunner.java:[219,20] [deprecation] checkAwtEventQueueAccess() in SecurityManager has been deprecated
[WARNING] /media/loopback/C4DAE5FEDAE5EC9C/Users/luan_/mutationsTests/junit4-4.12/CBD/4/src/test/java/org/junit/tests/running/core/MainRunner.java:[221,39] [deprecation] checkAwtEventQueueAccess() in SecurityManager has been deprecated
[WARNING] /media/loopback/C4DAE5FEDAE5EC9C/Users/luan_/mutationsTests/junit4-4.12/CBD/4/src/test/java/org/junit/tests/running/core/MainRunner.java:[247,20] [deprecation] checkMemberAccess(Class<?>,int) in SecurityManager has been deprecated
[WARNING] /media/loopback/C4DAE5FEDAE5EC9C/Users/luan_/mutationsTests/junit4-4.12/CBD/4/src/test/java/org/junit/tests/running/core/MainRunner.java:[249,39] [deprecation] checkMemberAccess(Class<?>,int) in SecurityManager has been deprecated
[WARNING] /media/loopback/C4DAE5FEDAE5EC9C/Users/luan_/mutationsTests/junit4-4.12/CBD/4/src/test/java/org/junit/tests/running/classes/ParentRunnerTest.java:[180,18] [deprecation] AssumptionViolatedException(String) in AssumptionViolatedException has been deprecated
[WARNING] /media/loopback/C4DAE5FEDAE5EC9C/Users/luan_/mutationsTests/junit4-4.12/CBD/4/src/test/java/org/junit/tests/running/classes/ParentRunnerTest.java:[212,18] [deprecation] AssumptionViolatedException(String) in AssumptionViolatedException has been deprecated
[WARNING] /media/loopback/C4DAE5FEDAE5EC9C/Users/luan_/mutationsTests/junit4-4.12/CBD/4/src/test/java/org/junit/tests/internal/runners/statements/FailOnTimeoutTest.java:[35,48] [deprecation] FailOnTimeout(Statement,long) in FailOnTimeout has been deprecated
[WARNING] /media/loopback/C4DAE5FEDAE5EC9C/Users/luan_/mutationsTests/junit4-4.12/CBD/4/src/test/java/org/junit/tests/internal/runners/statements/FailOnTimeoutTest.java:[117,44] [deprecation] FailOnTimeout(Statement,long) in FailOnTimeout has been deprecated
[WARNING] /media/loopback/C4DAE5FEDAE5EC9C/Users/luan_/mutationsTests/junit4-4.12/CBD/4/src/test/java/org/junit/tests/internal/runners/statements/FailOnTimeoutTest.java:[145,37] [deprecation] FailOnTimeout(Statement,long) in FailOnTimeout has been deprecated
[INFO] 
[INFO] --- maven-surefire-plugin:2.17:test (default-test) @ junit ---
[INFO] Surefire report directory: /media/loopback/C4DAE5FEDAE5EC9C/Users/luan_/mutationsTests/junit4-4.12/CBD/4/target/surefire-reports

-------------------------------------------------------
 T E S T S
-------------------------------------------------------
Running org.junit.tests.AllTests
